[2015-06-08 01:19:37] START
[2015-06-08 01:38:13] CREATE db1.py: 0
[2015-06-08 01:40:56] EDIT App/models/db1.py: 1
[2015-06-08 01:42:45] EDIT App/models/db1.py: 0
[2015-06-08 01:48:58] EDIT App/models/db1.py: 5
[2015-06-08 01:49:31] EDIT App/models/db1.py: 0
[2015-06-08 01:49:59] EDIT App/models/db1.py: 0
[2015-06-08 01:56:01] EDIT App/views/default/index.html: -29
[2015-06-08 01:59:20] EDIT App/controllers/default.py: -6
[2015-06-08 02:03:11] EDIT App/controllers/default.py: 1
[2015-06-08 02:04:48] EDIT App/views/default/index.html: 4
[2015-06-08 02:14:35] EDIT App/views/default/index.html: 10
[2015-06-08 02:18:04] EDIT App/controllers/default.py: 3
[2015-06-08 02:28:32] EDIT App/views/default/index.html: 0
[2015-06-08 02:30:27] EDIT App/views/default/index.html: -2
[2015-06-08 02:32:03] EDIT App/views/default/index.html: 0
[2015-06-08 02:33:00] EDIT App/views/default/index.html: 0
[2015-06-08 02:34:04] EDIT App/controllers/default.py: 0
[2015-06-08 02:40:01] CREATE default/show.html: 0
[2015-06-08 02:43:16] EDIT App/views/default/show.html: 5
[2015-06-08 02:45:55] EDIT App/views/default/show.html: 0
[2015-06-08 02:49:24] EDIT App/controllers/default.py: 2
[2015-06-08 02:51:28] CREATE default/create.html: 0
[2015-06-08 02:52:38] EDIT App/views/default/create.html: 2
[2015-06-08 02:53:14] EDIT App/views/default/create.html: 0
[2015-06-08 02:54:15] EDIT App/controllers/default.py: 1
[2015-06-08 02:57:12] EDIT App/controllers/default.py: 0
[2015-06-08 03:03:35] EDIT App/models/menu.py: -103
[2015-06-08 03:04:15] EDIT App/models/menu.py: 0
[2015-06-08 03:06:27] EDIT App/models/menu.py: 0
[2015-06-08 03:09:15] EDIT App/models/menu.py: 0
[2015-06-08 03:15:58] EDIT App/controllers/default.py: 4
[2015-06-08 03:18:54] EDIT App/controllers/default.py: 3
[2015-06-08 11:06:59] EDIT App/controllers/default.py: 0
[2015-06-08 14:17:58] EDIT App/views/default/index.html: -2
[2015-06-08 14:19:26] EDIT App/controllers/default.py: 1
[2015-06-08 14:21:41] EDIT App/controllers/default.py: 1
[2015-06-08 14:22:21] EDIT App/controllers/default.py: 0
[2015-06-08 14:24:00] EDIT App/models/db.py: 0
[2015-06-08 14:24:22] EDIT App/controllers/default.py: 0
[2015-06-08 14:30:15] EDIT App/models/db.py: 0
[2015-06-08 14:41:23] EDIT App/controllers/default.py: 1
[2015-06-08 14:41:46] EDIT App/controllers/default.py: 0
[2015-06-08 14:42:25] EDIT App/controllers/default.py: 0
[2015-06-08 15:24:30] EDIT App/controllers/default.py: 0
[2015-06-08 15:25:02] EDIT App/controllers/default.py: -1
[2015-06-08 15:26:52] EDIT App/views/default/index.html: 3
[2015-06-08 15:27:45] EDIT App/views/default/index.html: 0
[2015-06-08 15:31:08] EDIT App/views/default/index.html: -1
[2015-06-08 15:34:38] EDIT App/views/default/index.html: 1
[2015-06-08 15:36:30] EDIT App/controllers/default.py: 0
[2015-06-08 15:37:24] EDIT App/controllers/default.py: 0
[2015-06-09 12:10:32] EDIT App/views/default/index.html: -3
[2015-06-09 12:38:41] EDIT App/models/menu.py: 0
[2015-06-09 13:10:52] EDIT App/views/default/index.html: 12
[2015-06-09 13:13:16] EDIT App/views/default/index.html: -5
[2015-06-09 13:15:26] EDIT App/views/default/index.html: 3
[2015-06-09 13:17:06] EDIT App/views/default/index.html: -3
[2015-06-09 13:50:27] CREATE default/search.html: 0
[2015-06-09 13:51:19] EDIT App/views/default/search.html: 1
